\BOOKMARK [0][-]{chapter*.6}{\376\377\000\332\000v\000o\000d}{}% 1
\BOOKMARK [0][-]{chapter.1}{\376\377\000D\000a\000t\000a\000l\000o\000g}{}% 2
\BOOKMARK [1][-]{section.1.1}{\376\377\000D\000e\000f\000i\000n\000\355\000c\000i\000e}{chapter.1}% 3
\BOOKMARK [1][-]{section.1.2}{\376\377\000R\000o\000z\001\141\000\355\000r\000e\000n\000i\000e\000\040\000D\000a\000t\000a\000l\000o\000g\000u\000\040\000o\000\040\000f\000u\000n\000k\001\015\000n\000\351\000\040\000s\000y\000m\000b\000o\000l\000y}{chapter.1}% 4
\BOOKMARK [1][-]{section.1.3}{\376\377\000V\000s\000t\000a\000v\000a\000n\000\351\000\040\000p\000r\000e\000d\000i\000k\000\341\000t\000y}{chapter.1}% 5
\BOOKMARK [1][-]{section.1.4}{\376\377\000S\000y\000n\000t\000a\000x\000\040\000r\000o\000z\001\141\000\355\000r\000e\000n\000\351\000h\000o\000\040\000D\000a\000t\000a\000l\000o\000g\000u}{chapter.1}% 6
\BOOKMARK [1][-]{section.1.5}{\376\377\000S\000\351\000m\000a\000n\000t\000i\000k\000a\000\040\000D\000a\000t\000a\000l\000o\000g\000u}{chapter.1}% 7
\BOOKMARK [0][-]{chapter.2}{\376\377\000R\000e\000l\000a\001\015\000n\000\341\000\040\000a\000l\000g\000e\000b\000r\000a}{}% 8
\BOOKMARK [1][-]{section.2.1}{\376\377\000U\001\015\000e\000b\000n\000i\000c\000o\000v\000\341\000\040\000r\000e\000l\000a\001\015\000n\000\341\000\040\000a\000l\000g\000e\000b\000r\000a}{chapter.2}% 9
\BOOKMARK [1][-]{section.2.2}{\376\377\000N\000a\001\141\000a\000\040\000r\000e\000l\000a\001\015\000n\000\341\000\040\000a\000l\000g\000e\000b\000r\000a}{chapter.2}% 10
\BOOKMARK [2][-]{subsection.2.2.1}{\376\377\000V\000s\000t\000a\000v\000a\000n\000\351\000\040\000o\000p\000e\000r\000\341\000t\000o\000r\000y}{section.2.2}% 11
\BOOKMARK [1][-]{section.2.3}{\376\377\000I\000n\000k\000l\000\372\000z\000i\000a\000\040\000m\000e\000d\000z\000i\000\040\000u\001\015\000e\000b\000n\000i\000c\000o\000v\000o\000u\000\040\000a\000\040\000n\000a\001\141\000o\000u\000\040\000r\000e\000l\000a\001\015\000n\000o\000u\000\040\000a\000l\000g\000e\000b\000r\000o\000u}{chapter.2}% 12
\BOOKMARK [0][-]{chapter.3}{\376\377\000K\000o\000m\000p\000i\000l\000\341\000t\000o\000r}{}% 13
\BOOKMARK [1][-]{section.3.1}{\376\377\000A\000N\000T\000L\000R}{chapter.3}% 14
\BOOKMARK [2][-]{subsection.3.1.1}{\376\377\000R\000\375\000c\000h\000l\000o\000k\000u\000r\000z\000\040\000f\000o\000r\000m\000\341\000l\000n\000y\000c\000h\000\040\000j\000a\000z\000y\000k\000o\000v}{section.3.1}% 15
\BOOKMARK [2][-]{subsection.3.1.2}{\376\377\000S\000y\000n\000t\000a\000k\000t\000i\000c\000k\000\341\000\040\000a\000n\000a\000l\000\375\000z\000a}{section.3.1}% 16
\BOOKMARK [1][-]{section.3.2}{\376\377\000G\000r\000a\000m\000a\000t\000i\000k\000a\000\040\000D\000a\000t\000a\000l\000o\000g\000u\000\040\000p\000r\000e\000\040\000A\000N\000T\000L\000R}{chapter.3}% 17
\BOOKMARK [1][-]{section.3.3}{\376\377\000A\000l\000g\000o\000r\000i\000t\000m\000u\000s\000\040\000p\000r\000e\000k\000l\000a\000d\000u}{chapter.3}% 18
\BOOKMARK [2][-]{subsection.3.3.1}{\376\377\000G\000e\000n\000e\000r\000\341\000c\000i\000a\000\040\000A\000S\000T}{section.3.3}% 19
\BOOKMARK [2][-]{subsection.3.3.2}{\376\377\000P\000r\000e\000k\000l\000a\000d\000\040\000d\000o\000\040\000r\000e\000l\000a\001\015\000n\000e\000j\000\040\000a\000l\000g\000e\000b\000r\000y}{section.3.3}% 20
\BOOKMARK [0][-]{Item.50}{\376\377\000Z\000\341\000v\000e\000r}{}% 21
\BOOKMARK [0][-]{chapter*.27}{\376\377\000L\000i\000t\000e\000r\000a\000t\000\372\000r\000a}{}% 22
\BOOKMARK [0][-]{chapter*.28}{\376\377\000P\000r\000\355\000l\000o\000h\000a}{}% 23
